<?xml version="1.0" encoding="UTF-8"?>
<testsuite xmlns:xsi="http://www.w3.org/2001/XMLSchema-instance" xsi:noNamespaceSchemaLocation="https://maven.apache.org/surefire/maven-surefire-plugin/xsd/surefire-test-report-3.0.xsd" version="3.0" name="TestSuite" time="91.403" tests="7" errors="0" skipped="0" failures="0">
  <properties>
    <property name="sun.desktop" value="windows"/>
    <property name="awt.toolkit" value="sun.awt.windows.WToolkit"/>
    <property name="file.encoding.pkg" value="sun.io"/>
    <property name="java.specification.version" value="1.8"/>
    <property name="webdriver.chrome.driver" value="./Drivers\chromedriver.exe"/>
    <property name="sun.cpu.isalist" value="amd64"/>
    <property name="sun.jnu.encoding" value="Cp1252"/>
    <property name="java.class.path" value="C:\Users\varsh\Documents\JavaTraining\Com.PageObjectModel.SFDC\target\test-classes;C:\Users\varsh\Documents\JavaTraining\Com.PageObjectModel.SFDC\target\classes;C:\Users\varsh\.m2\repository\org\seleniumhq\selenium\selenium-server\3.141.59\selenium-server-3.141.59.jar;C:\Users\varsh\.m2\repository\org\seleniumhq\selenium\selenium-java\3.141.59\selenium-java-3.141.59.jar;C:\Users\varsh\.m2\repository\org\seleniumhq\selenium\selenium-api\3.141.59\selenium-api-3.141.59.jar;C:\Users\varsh\.m2\repository\org\seleniumhq\selenium\selenium-chrome-driver\3.141.59\selenium-chrome-driver-3.141.59.jar;C:\Users\varsh\.m2\repository\org\seleniumhq\selenium\selenium-edge-driver\3.141.59\selenium-edge-driver-3.141.59.jar;C:\Users\varsh\.m2\repository\org\seleniumhq\selenium\selenium-firefox-driver\3.141.59\selenium-firefox-driver-3.141.59.jar;C:\Users\varsh\.m2\repository\org\seleniumhq\selenium\selenium-ie-driver\3.141.59\selenium-ie-driver-3.141.59.jar;C:\Users\varsh\.m2\repository\org\seleniumhq\selenium\selenium-opera-driver\3.141.59\selenium-opera-driver-3.141.59.jar;C:\Users\varsh\.m2\repository\org\seleniumhq\selenium\selenium-remote-driver\3.141.59\selenium-remote-driver-3.141.59.jar;C:\Users\varsh\.m2\repository\org\seleniumhq\selenium\selenium-safari-driver\3.141.59\selenium-safari-driver-3.141.59.jar;C:\Users\varsh\.m2\repository\org\seleniumhq\selenium\selenium-support\3.141.59\selenium-support-3.141.59.jar;C:\Users\varsh\.m2\repository\com\beust\jcommander\1.72\jcommander-1.72.jar;C:\Users\varsh\.m2\repository\net\bytebuddy\byte-buddy\1.8.15\byte-buddy-1.8.15.jar;C:\Users\varsh\.m2\repository\org\apache\commons\commons-exec\1.3\commons-exec-1.3.jar;C:\Users\varsh\.m2\repository\com\google\guava\guava\25.0-jre\guava-25.0-jre.jar;C:\Users\varsh\.m2\repository\com\google\code\findbugs\jsr305\1.3.9\jsr305-1.3.9.jar;C:\Users\varsh\.m2\repository\org\checkerframework\checker-compat-qual\2.0.0\checker-compat-qual-2.0.0.jar;C:\Users\varsh\.m2\repository\com\google\errorprone\error_prone_annotations\2.1.3\error_prone_annotations-2.1.3.jar;C:\Users\varsh\.m2\repository\com\google\j2objc\j2objc-annotations\1.1\j2objc-annotations-1.1.jar;C:\Users\varsh\.m2\repository\org\codehaus\mojo\animal-sniffer-annotations\1.14\animal-sniffer-annotations-1.14.jar;C:\Users\varsh\.m2\repository\net\jcip\jcip-annotations\1.0\jcip-annotations-1.0.jar;C:\Users\varsh\.m2\repository\org\seleniumhq\selenium\jetty-repacked\9.4.12.v20180830\jetty-repacked-9.4.12.v20180830.jar;C:\Users\varsh\.m2\repository\com\squareup\okhttp3\okhttp\3.11.0\okhttp-3.11.0.jar;C:\Users\varsh\.m2\repository\com\squareup\okio\okio\1.14.0\okio-1.14.0.jar;C:\Users\varsh\.m2\repository\javax\servlet\javax.servlet-api\3.1.0\javax.servlet-api-3.1.0.jar;C:\Users\varsh\.m2\repository\org\yaml\snakeyaml\1.19\snakeyaml-1.19.jar;C:\Users\varsh\.m2\repository\io\github\bonigarcia\webdrivermanager\3.8.1\webdrivermanager-3.8.1.jar;C:\Users\varsh\.m2\repository\org\slf4j\slf4j-api\1.7.25\slf4j-api-1.7.25.jar;C:\Users\varsh\.m2\repository\com\google\code\gson\gson\2.8.5\gson-2.8.5.jar;C:\Users\varsh\.m2\repository\org\apache\httpcomponents\httpclient\4.5.6\httpclient-4.5.6.jar;C:\Users\varsh\.m2\repository\org\apache\httpcomponents\httpcore\4.4.10\httpcore-4.4.10.jar;C:\Users\varsh\.m2\repository\commons-logging\commons-logging\1.2\commons-logging-1.2.jar;C:\Users\varsh\.m2\repository\commons-codec\commons-codec\1.10\commons-codec-1.10.jar;C:\Users\varsh\.m2\repository\org\rauschig\jarchivelib\1.0.0\jarchivelib-1.0.0.jar;C:\Users\varsh\.m2\repository\org\apache\commons\commons-compress\1.18\commons-compress-1.18.jar;C:\Users\varsh\.m2\repository\org\jsoup\jsoup\1.11.3\jsoup-1.11.3.jar;C:\Users\varsh\.m2\repository\com\aventstack\extentreports\3.1.5\extentreports-3.1.5.jar;C:\Users\varsh\.m2\repository\org\freemarker\freemarker\2.3.23\freemarker-2.3.23.jar;C:\Users\varsh\.m2\repository\org\mongodb\mongodb-driver\3.3.0\mongodb-driver-3.3.0.jar;C:\Users\varsh\.m2\repository\org\mongodb\bson\3.3.0\bson-3.3.0.jar;C:\Users\varsh\.m2\repository\org\mongodb\mongodb-driver-core\3.3.0\mongodb-driver-core-3.3.0.jar;C:\Users\varsh\.m2\repository\org\apache\httpcomponents\httpmime\4.5.2\httpmime-4.5.2.jar;C:\Users\varsh\.m2\repository\org\testng\testng\6.14.3\testng-6.14.3.jar;C:\Users\varsh\.m2\repository\org\apache-extras\beanshell\bsh\2.0b6\bsh-2.0b6.jar;C:\Users\varsh\.m2\repository\org\apache\commons\commons-lang3\3.8.1\commons-lang3-3.8.1.jar;C:\Users\varsh\.m2\repository\commons-io\commons-io\1.3.2\commons-io-1.3.2.jar;C:\Users\varsh\.m2\repository\log4j\log4j\1.2.17\log4j-1.2.17.jar;"/>
    <property name="java.vm.vendor" value="Oracle Corporation"/>
    <property name="sun.arch.data.model" value="64"/>
    <property name="user.variant" value=""/>
    <property name="java.vendor.url" value="http://java.oracle.com/"/>
    <property name="user.timezone" value="America/Los_Angeles"/>
    <property name="java.vm.specification.version" value="1.8"/>
    <property name="os.name" value="Windows 10"/>
    <property name="user.country" value="US"/>
    <property name="sun.java.launcher" value="SUN_STANDARD"/>
    <property name="sun.boot.library.path" value="C:\Program Files\Java\jdk1.8.0_261\jre\bin"/>
    <property name="sun.java.command" value="C:\Users\varsh\AppData\Local\Temp\surefire2483984085182866180\surefirebooter4115151418273578202.jar C:\Users\varsh\AppData\Local\Temp\surefire2483984085182866180 2022-04-04T14-21-52_878-jvmRun1 surefire7550610781002212332tmp surefire_01640503301372348680tmp"/>
    <property name="surefire.test.class.path" value="C:\Users\varsh\Documents\JavaTraining\Com.PageObjectModel.SFDC\target\test-classes;C:\Users\varsh\Documents\JavaTraining\Com.PageObjectModel.SFDC\target\classes;C:\Users\varsh\.m2\repository\org\seleniumhq\selenium\selenium-server\3.141.59\selenium-server-3.141.59.jar;C:\Users\varsh\.m2\repository\org\seleniumhq\selenium\selenium-java\3.141.59\selenium-java-3.141.59.jar;C:\Users\varsh\.m2\repository\org\seleniumhq\selenium\selenium-api\3.141.59\selenium-api-3.141.59.jar;C:\Users\varsh\.m2\repository\org\seleniumhq\selenium\selenium-chrome-driver\3.141.59\selenium-chrome-driver-3.141.59.jar;C:\Users\varsh\.m2\repository\org\seleniumhq\selenium\selenium-edge-driver\3.141.59\selenium-edge-driver-3.141.59.jar;C:\Users\varsh\.m2\repository\org\seleniumhq\selenium\selenium-firefox-driver\3.141.59\selenium-firefox-driver-3.141.59.jar;C:\Users\varsh\.m2\repository\org\seleniumhq\selenium\selenium-ie-driver\3.141.59\selenium-ie-driver-3.141.59.jar;C:\Users\varsh\.m2\repository\org\seleniumhq\selenium\selenium-opera-driver\3.141.59\selenium-opera-driver-3.141.59.jar;C:\Users\varsh\.m2\repository\org\seleniumhq\selenium\selenium-remote-driver\3.141.59\selenium-remote-driver-3.141.59.jar;C:\Users\varsh\.m2\repository\org\seleniumhq\selenium\selenium-safari-driver\3.141.59\selenium-safari-driver-3.141.59.jar;C:\Users\varsh\.m2\repository\org\seleniumhq\selenium\selenium-support\3.141.59\selenium-support-3.141.59.jar;C:\Users\varsh\.m2\repository\com\beust\jcommander\1.72\jcommander-1.72.jar;C:\Users\varsh\.m2\repository\net\bytebuddy\byte-buddy\1.8.15\byte-buddy-1.8.15.jar;C:\Users\varsh\.m2\repository\org\apache\commons\commons-exec\1.3\commons-exec-1.3.jar;C:\Users\varsh\.m2\repository\com\google\guava\guava\25.0-jre\guava-25.0-jre.jar;C:\Users\varsh\.m2\repository\com\google\code\findbugs\jsr305\1.3.9\jsr305-1.3.9.jar;C:\Users\varsh\.m2\repository\org\checkerframework\checker-compat-qual\2.0.0\checker-compat-qual-2.0.0.jar;C:\Users\varsh\.m2\repository\com\google\errorprone\error_prone_annotations\2.1.3\error_prone_annotations-2.1.3.jar;C:\Users\varsh\.m2\repository\com\google\j2objc\j2objc-annotations\1.1\j2objc-annotations-1.1.jar;C:\Users\varsh\.m2\repository\org\codehaus\mojo\animal-sniffer-annotations\1.14\animal-sniffer-annotations-1.14.jar;C:\Users\varsh\.m2\repository\net\jcip\jcip-annotations\1.0\jcip-annotations-1.0.jar;C:\Users\varsh\.m2\repository\org\seleniumhq\selenium\jetty-repacked\9.4.12.v20180830\jetty-repacked-9.4.12.v20180830.jar;C:\Users\varsh\.m2\repository\com\squareup\okhttp3\okhttp\3.11.0\okhttp-3.11.0.jar;C:\Users\varsh\.m2\repository\com\squareup\okio\okio\1.14.0\okio-1.14.0.jar;C:\Users\varsh\.m2\repository\javax\servlet\javax.servlet-api\3.1.0\javax.servlet-api-3.1.0.jar;C:\Users\varsh\.m2\repository\org\yaml\snakeyaml\1.19\snakeyaml-1.19.jar;C:\Users\varsh\.m2\repository\io\github\bonigarcia\webdrivermanager\3.8.1\webdrivermanager-3.8.1.jar;C:\Users\varsh\.m2\repository\org\slf4j\slf4j-api\1.7.25\slf4j-api-1.7.25.jar;C:\Users\varsh\.m2\repository\com\google\code\gson\gson\2.8.5\gson-2.8.5.jar;C:\Users\varsh\.m2\repository\org\apache\httpcomponents\httpclient\4.5.6\httpclient-4.5.6.jar;C:\Users\varsh\.m2\repository\org\apache\httpcomponents\httpcore\4.4.10\httpcore-4.4.10.jar;C:\Users\varsh\.m2\repository\commons-logging\commons-logging\1.2\commons-logging-1.2.jar;C:\Users\varsh\.m2\repository\commons-codec\commons-codec\1.10\commons-codec-1.10.jar;C:\Users\varsh\.m2\repository\org\rauschig\jarchivelib\1.0.0\jarchivelib-1.0.0.jar;C:\Users\varsh\.m2\repository\org\apache\commons\commons-compress\1.18\commons-compress-1.18.jar;C:\Users\varsh\.m2\repository\org\jsoup\jsoup\1.11.3\jsoup-1.11.3.jar;C:\Users\varsh\.m2\repository\com\aventstack\extentreports\3.1.5\extentreports-3.1.5.jar;C:\Users\varsh\.m2\repository\org\freemarker\freemarker\2.3.23\freemarker-2.3.23.jar;C:\Users\varsh\.m2\repository\org\mongodb\mongodb-driver\3.3.0\mongodb-driver-3.3.0.jar;C:\Users\varsh\.m2\repository\org\mongodb\bson\3.3.0\bson-3.3.0.jar;C:\Users\varsh\.m2\repository\org\mongodb\mongodb-driver-core\3.3.0\mongodb-driver-core-3.3.0.jar;C:\Users\varsh\.m2\repository\org\apache\httpcomponents\httpmime\4.5.2\httpmime-4.5.2.jar;C:\Users\varsh\.m2\repository\org\testng\testng\6.14.3\testng-6.14.3.jar;C:\Users\varsh\.m2\repository\org\apache-extras\beanshell\bsh\2.0b6\bsh-2.0b6.jar;C:\Users\varsh\.m2\repository\org\apache\commons\commons-lang3\3.8.1\commons-lang3-3.8.1.jar;C:\Users\varsh\.m2\repository\commons-io\commons-io\1.3.2\commons-io-1.3.2.jar;C:\Users\varsh\.m2\repository\log4j\log4j\1.2.17\log4j-1.2.17.jar;"/>
    <property name="sun.cpu.endian" value="little"/>
    <property name="user.home" value="C:\Users\varsh"/>
    <property name="user.language" value="en"/>
    <property name="java.specification.vendor" value="Oracle Corporation"/>
    <property name="java.home" value="C:\Program Files\Java\jdk1.8.0_261\jre"/>
    <property name="basedir" value="C:\Users\varsh\Documents\JavaTraining\Com.PageObjectModel.SFDC"/>
    <property name="file.separator" value="\"/>
    <property name="line.separator" value="&#10;"/>
    <property name="java.vm.specification.vendor" value="Oracle Corporation"/>
    <property name="java.specification.name" value="Java Platform API Specification"/>
    <property name="java.awt.graphicsenv" value="sun.awt.Win32GraphicsEnvironment"/>
    <property name="surefire.real.class.path" value="C:\Users\varsh\AppData\Local\Temp\surefire2483984085182866180\surefirebooter4115151418273578202.jar"/>
    <property name="sun.boot.class.path" value="C:\Program Files\Java\jdk1.8.0_261\jre\lib\resources.jar;C:\Program Files\Java\jdk1.8.0_261\jre\lib\rt.jar;C:\Program Files\Java\jdk1.8.0_261\jre\lib\sunrsasign.jar;C:\Program Files\Java\jdk1.8.0_261\jre\lib\jsse.jar;C:\Program Files\Java\jdk1.8.0_261\jre\lib\jce.jar;C:\Program Files\Java\jdk1.8.0_261\jre\lib\charsets.jar;C:\Program Files\Java\jdk1.8.0_261\jre\lib\jfr.jar;C:\Program Files\Java\jdk1.8.0_261\jre\classes"/>
    <property name="user.script" value=""/>
    <property name="sun.management.compiler" value="HotSpot 64-Bit Tiered Compilers"/>
    <property name="java.runtime.version" value="1.8.0_261-b12"/>
    <property name="user.name" value="varsh"/>
    <property name="path.separator" value=";"/>
    <property name="os.version" value="10.0"/>
    <property name="java.endorsed.dirs" value="C:\Program Files\Java\jdk1.8.0_261\jre\lib\endorsed"/>
    <property name="java.runtime.name" value="Java(TM) SE Runtime Environment"/>
    <property name="file.encoding" value="Cp1252"/>
    <property name="java.vm.name" value="Java HotSpot(TM) 64-Bit Server VM"/>
    <property name="localRepository" value="C:\Users\varsh\.m2\repository"/>
    <property name="java.vendor.url.bug" value="http://bugreport.sun.com/bugreport/"/>
    <property name="java.io.tmpdir" value="C:\Users\varsh\AppData\Local\Temp\"/>
    <property name="java.version" value="1.8.0_261"/>
    <property name="user.dir" value="C:\Users\varsh\Documents\JavaTraining\Com.PageObjectModel.SFDC"/>
    <property name="os.arch" value="amd64"/>
    <property name="java.vm.specification.name" value="Java Virtual Machine Specification"/>
    <property name="java.awt.printerjob" value="sun.awt.windows.WPrinterJob"/>
    <property name="sun.os.patch.level" value=""/>
    <property name="java.library.path" value="C:\Program Files\Java\jdk1.8.0_261\jre\bin;C:\WINDOWS\Sun\Java\bin;C:\WINDOWS\system32;C:\WINDOWS;C:/Program Files/Java/jre1.8.0_301/bin/server;C:/Program Files/Java/jre1.8.0_301/bin;C:/Program Files/Java/jre1.8.0_301/lib/amd64;C:\oraclexe\app\oracle\product\11.2.0\server\bin;C:\Python27\;C:\Python27\Scripts;C:\Program Files (x86)\Common Files\Oracle\Java\javapath;C:\Program Files (x86)\Intel\Intel(R) Management Engine Components\iCLS\;C:\Program Files\Intel\Intel(R) Management Engine Components\iCLS\;C:\Windows\system32;C:\Windows;C:\Windows\System32\Wbem;C:\Windows\System32\WindowsPowerShell\v1.0\;C:\Windows\System32\OpenSSH\;C:\Program Files (x86)\Intel\Intel(R) Management Engine Components\DAL;C:\Program Files\Intel\Intel(R) Management Engine Components\DAL;C:\Program Files (x86)\Intel\Intel(R) Management Engine Components\IPT;C:\Program Files\Intel\Intel(R) Management Engine Components\IPT;C:\Program Files (x86)\NVIDIA Corporation\PhysX\Common;C:\Users\varsh\AppData\Local\Microsoft\WindowsApps;C:\adb;C:\Users\varsh\Downloads\apache-maven-3.6.1\bin;C:\Program Files\nodejs\;C:\ProgramData\chocolatey\bin;C:\Program Files (x86)\Yarn\bin\;C:\Program Files\Java\jdk1.8.0_202\bin;%SystemRoot%\system32;%SystemRoot%;%SystemRoot%\System32\Wbem;%SYSTEMROOT%\System32\WindowsPowerShell\v1.0\;%SYSTEMROOT%\System32\OpenSSH\;%JAVA_HOME%\bin;C:\Users\varsh\AppData\Local\Android\Sdk\tools;C:\Users\varsh\AppData\Local\Android\Sdk\tools\bin;C:\Users\varsh\AppData\Local\Android\Sdk\platform-tools;C:\Program Files\nodejs\node_modules\npm\bin;C:\Program Files\Git\cmd;C:\Program Files (x86)\Windows Kits\10\Windows Performance Toolkit\;C:\Program Files\dotnet\;C:\Android;C:\Program Files\MySQL\MySQL Shell 8.0\bin\;C:\Users\varsh\AppData\Local\Microsoft\WindowsApps;C:\Users\varsh\AppData\Roaming\npm;C:\Users\varsh\AppData\Local\Yarn\bin;C:\Users\varsh\AppData\Local\Programs\Microsoft VS Code\bin;C:\Users\varsh\AppData\Local\GitHubDesktop\bin;C:\Users\varsh\AppData\Local\Microsoft\WindowsApps;C:\Users\varsh\.dotnet\tools;;C:\Users\varsh\Documents\Work\eclipse-java-2019-06-R-win32-x86_64\eclipse;;."/>
    <property name="java.vm.info" value="mixed mode"/>
    <property name="java.vendor" value="Oracle Corporation"/>
    <property name="java.vm.version" value="25.261-b12"/>
    <property name="java.ext.dirs" value="C:\Program Files\Java\jdk1.8.0_261\jre\lib\ext;C:\WINDOWS\Sun\Java\lib\ext"/>
    <property name="sun.io.unicode.encoding" value="UnicodeLittle"/>
    <property name="java.class.version" value="52.0"/>
  </properties>
  <testcase name="loginTest01" classname="com.sfdc.testCases.TC_LoginTest_001" time="7.016">
    <system-out><![CDATA[ INFO [TestNG-tests-1] (TC_LoginTest_001.java :24)- url opened
 INFO [TestNG-tests-1] (TC_LoginTest_001.java :28)- Username entered
 INFO [TestNG-tests-1] (TC_LoginTest_001.java :30)- entered Password
 INFO [TestNG-tests-1] (TC_LoginTest_001.java :32)- Remember me checked
 INFO [TestNG-tests-1] (TC_LoginTest_001.java :34)- clicked on login
Varsha lastn
 INFO [TestNG-tests-1] (TC_LoginTest_001.java :39)- login pass
]]></system-out>
    <system-err><![CDATA[Starting ChromeDriver 99.0.4844.51 (d537ec02474b5afe23684e7963d538896c63ac77-refs/branch-heads/4844@{#875}) on port 2148
Only local connections are allowed.
Please see https://chromedriver.chromium.org/security-considerations for suggestions on keeping ChromeDriver safe.
ChromeDriver was started successfully.
[1649107317.964][WARNING]: This version of ChromeDriver has not been tested with Chrome version 100.
Apr 04, 2022 2:21:58 PM org.openqa.selenium.remote.ProtocolHandshake createSession
INFO: Detected dialect: W3C
]]></system-err>
  </testcase>
  <testcase name="loginTest02" classname="com.sfdc.testCases.TC_LoginTest_001" time="2.952">
    <system-out><![CDATA[ INFO [TestNG-tests-1] (BaseClass.java :78)- time taken for test 7050
 INFO [TestNG-tests-1] (TC_LoginTest_001.java :51)- url opened
 INFO [TestNG-tests-1] (TC_LoginTest_001.java :55)- Username entered
 INFO [TestNG-tests-1] (TC_LoginTest_001.java :57)- entered no Password
 INFO [TestNG-tests-1] (TC_LoginTest_001.java :59)- Remember me checked
 INFO [TestNG-tests-1] (TC_LoginTest_001.java :61)- clicked on login
 INFO [TestNG-tests-1] (TC_LoginTest_001.java :65)- Please enter your password. error msg
 INFO [TestNG-tests-1] (TC_LoginTest_001.java :66)- login doesnot happened
]]></system-out>
    <system-err><![CDATA[Starting ChromeDriver 99.0.4844.51 (d537ec02474b5afe23684e7963d538896c63ac77-refs/branch-heads/4844@{#875}) on port 48406
Only local connections are allowed.
Please see https://chromedriver.chromium.org/security-considerations for suggestions on keeping ChromeDriver safe.
ChromeDriver was started successfully.
[1649107327.282][WARNING]: This version of ChromeDriver has not been tested with Chrome version 100.
Apr 04, 2022 2:22:07 PM org.openqa.selenium.remote.ProtocolHandshake createSession
INFO: Detected dialect: W3C
]]></system-err>
  </testcase>
  <testcase name="loginTest03" classname="com.sfdc.testCases.TC_LoginTest_001" time="15.312">
    <system-out><![CDATA[ INFO [TestNG-tests-1] (BaseClass.java :78)- time taken for test 2987
 INFO [TestNG-tests-1] (TC_LoginTest_001.java :79)- url opened
 INFO [TestNG-tests-1] (TC_LoginTest_001.java :83)- Username entered
 INFO [TestNG-tests-1] (TC_LoginTest_001.java :85)- entered Password
 INFO [TestNG-tests-1] (TC_LoginTest_001.java :87)- Remember me checked
 INFO [TestNG-tests-1] (TC_LoginTest_001.java :89)- clicked on login
 INFO [TestNG-tests-1] (TC_LoginTest_001.java :93)- clicked on user menu button
 INFO [TestNG-tests-1] (TC_LoginTest_001.java :95)- clicked logout
 INFO [TestNG-tests-1] (TC_LoginTest_001.java :98)- username is available after logout
]]></system-out>
    <system-err><![CDATA[Starting ChromeDriver 99.0.4844.51 (d537ec02474b5afe23684e7963d538896c63ac77-refs/branch-heads/4844@{#875}) on port 19272
Only local connections are allowed.
Please see https://chromedriver.chromium.org/security-considerations for suggestions on keeping ChromeDriver safe.
ChromeDriver was started successfully.
[1649107332.821][WARNING]: This version of ChromeDriver has not been tested with Chrome version 100.
Apr 04, 2022 2:22:12 PM org.openqa.selenium.remote.ProtocolHandshake createSession
INFO: Detected dialect: W3C
]]></system-err>
  </testcase>
  <testcase name="loginTest04" classname="com.sfdc.testCases.TC_LoginTest_001" time="2.659">
    <system-out><![CDATA[ INFO [TestNG-tests-1] (BaseClass.java :78)- time taken for test 15323
 INFO [TestNG-tests-1] (TC_LoginTest_001.java :109)- url opened
 INFO [TestNG-tests-1] (TC_LoginTest_001.java :112)- clicked on forgot your password?
 INFO [TestNG-tests-1] (TC_LoginTest_001.java :115)- Entered username to reset password
 INFO [TestNG-tests-1] (TC_LoginTest_001.java :117)- clicked on continue btn
 INFO [TestNG-tests-1] (TC_LoginTest_001.java :119)- got reset msg as : Check Your Email
 INFO [TestNG-tests-1] (TC_LoginTest_001.java :121)- Clicked on return btn
 INFO [TestNG-tests-1] (TC_LoginTest_001.java :124)- pass
]]></system-out>
    <system-err><![CDATA[Starting ChromeDriver 99.0.4844.51 (d537ec02474b5afe23684e7963d538896c63ac77-refs/branch-heads/4844@{#875}) on port 22255
Only local connections are allowed.
Please see https://chromedriver.chromium.org/security-considerations for suggestions on keeping ChromeDriver safe.
ChromeDriver was started successfully.
[1649107350.102][WARNING]: This version of ChromeDriver has not been tested with Chrome version 100.
Apr 04, 2022 2:22:30 PM org.openqa.selenium.remote.ProtocolHandshake createSession
INFO: Detected dialect: W3C
]]></system-err>
  </testcase>
  <testcase name="loginTest05" classname="com.sfdc.testCases.TC_LoginTest_001" time="4.39">
    <system-out><![CDATA[ INFO [TestNG-tests-1] (BaseClass.java :78)- time taken for test 2662
 INFO [TestNG-tests-1] (TC_LoginTest_001.java :134)- url opened
 INFO [TestNG-tests-1] (TC_LoginTest_001.java :137)- Entered wrong username
 INFO [TestNG-tests-1] (TC_LoginTest_001.java :139)- Entered wrong password
 INFO [TestNG-tests-1] (TC_LoginTest_001.java :141)- clicked on login
 INFO [TestNG-tests-1] (TC_LoginTest_001.java :143)- Please check your username and password. If you still can't log in, contact your Salesforce administrator. this msg we got
]]></system-out>
    <system-err><![CDATA[Starting ChromeDriver 99.0.4844.51 (d537ec02474b5afe23684e7963d538896c63ac77-refs/branch-heads/4844@{#875}) on port 44219
Only local connections are allowed.
Please see https://chromedriver.chromium.org/security-considerations for suggestions on keeping ChromeDriver safe.
ChromeDriver was started successfully.
[1649107355.952][WARNING]: This version of ChromeDriver has not been tested with Chrome version 100.
Apr 04, 2022 2:22:36 PM org.openqa.selenium.remote.ProtocolHandshake createSession
INFO: Detected dialect: W3C
]]></system-err>
  </testcase>
  <testcase name="userTest01" classname="com.sfdc.testCases.TC_UserMenuTest_002" time="8.455">
    <system-out><![CDATA[ INFO [TestNG-tests-1] (BaseClass.java :78)- time taken for test 4402
 INFO [TestNG-tests-1] (TC_LoginTest_001.java :149)- url opened
 INFO [TestNG-tests-1] (TC_LoginTest_001.java :152)- Username entered
 INFO [TestNG-tests-1] (TC_LoginTest_001.java :154)- entered Password
 INFO [TestNG-tests-1] (TC_LoginTest_001.java :156)- Remember me checked
 INFO [TestNG-tests-1] (TC_LoginTest_001.java :158)- clicked on login
 INFO [TestNG-tests-1] (TC_UserMenuTest_002.java :23)- clicked on user menu button
My Profile
My Settings
Developer Console
Switch to Lightning Experience
Logout
 INFO [TestNG-tests-1] (TC_UserMenuTest_002.java :25)- got menu items
]]></system-out>
    <system-err><![CDATA[Starting ChromeDriver 99.0.4844.51 (d537ec02474b5afe23684e7963d538896c63ac77-refs/branch-heads/4844@{#875}) on port 18807
Only local connections are allowed.
Please see https://chromedriver.chromium.org/security-considerations for suggestions on keeping ChromeDriver safe.
ChromeDriver was started successfully.
[1649107362.816][WARNING]: This version of ChromeDriver has not been tested with Chrome version 100.
Apr 04, 2022 2:22:43 PM org.openqa.selenium.remote.ProtocolHandshake createSession
INFO: Detected dialect: W3C
]]></system-err>
  </testcase>
  <testcase name="userTest02" classname="com.sfdc.testCases.TC_UserMenuTest_002" time="30.354">
    <system-out><![CDATA[ INFO [TestNG-tests-1] (BaseClass.java :78)- time taken for test 8477
 INFO [TestNG-tests-1] (TC_LoginTest_001.java :149)- url opened
 INFO [TestNG-tests-1] (TC_LoginTest_001.java :152)- Username entered
 INFO [TestNG-tests-1] (TC_LoginTest_001.java :154)- entered Password
 INFO [TestNG-tests-1] (TC_LoginTest_001.java :156)- Remember me checked
 INFO [TestNG-tests-1] (TC_LoginTest_001.java :158)- clicked on login
 INFO [TestNG-tests-1] (TC_UserMenuTest_002.java :35)- clicked on user menu button
yes My Profile
 INFO [TestNG-tests-1] (TC_UserMenuTest_002.java :38)- waits for my profile
yes My Profile
 INFO [TestNG-tests-1] (TC_UserMenuTest_002.java :40)- pass my profile to a webelement variable
 INFO [TestNG-tests-1] (TC_UserMenuTest_002.java :42)- cicked on myprofile
 INFO [TestNG-tests-1] (TC_UserMenuTest_002.java :44)- waiting for edit icon
 INFO [TestNG-tests-1] (TC_UserMenuTest_002.java :47)- clicked on edit icon
 INFO [TestNG-tests-1] (TC_UserMenuTest_002.java :50)- clicked on about tab
 INFO [TestNG-tests-1] (TC_UserMenuTest_002.java :52)- last name changed
 INFO [TestNG-tests-1] (TC_UserMenuTest_002.java :54)- saved last name
Varsha lastn 
 INFO [TestNG-tests-1] (TC_UserMenuTest_002.java :60)- pass
 INFO [TestNG-tests-1] (TC_UserMenuTest_002.java :66)- clicked on post
 INFO [TestNG-tests-1] (TC_UserMenuTest_002.java :68)- text entered to post
 INFO [TestNG-tests-1] (TC_UserMenuTest_002.java :70)- pass post shared.
 INFO [TestNG-tests-1] (TC_UserMenuTest_002.java :72)- clicked on file
]]></system-out>
    <system-err><![CDATA[Starting ChromeDriver 99.0.4844.51 (d537ec02474b5afe23684e7963d538896c63ac77-refs/branch-heads/4844@{#875}) on port 43760
Only local connections are allowed.
Please see https://chromedriver.chromium.org/security-considerations for suggestions on keeping ChromeDriver safe.
ChromeDriver was started successfully.
[1649107374.248][WARNING]: This version of ChromeDriver has not been tested with Chrome version 100.
Apr 04, 2022 2:22:54 PM org.openqa.selenium.remote.ProtocolHandshake createSession
INFO: Detected dialect: W3C
]]></system-err>
  </testcase>
</testsuite>