<?xml version="1.0" encoding="UTF-8"?>
<!-- Generated by org.testng.reporters.JUnitReportReporter -->
<testsuite skipped="0" hostname="VARSHA" name="Runners.runner" tests="1" failures="0" timestamp="01 Jul 2022 03:29:06 GMT" time="12.993" errors="0">
  <testcase name="runScenario" time="12.993" classname="Runners.runner"/>
</testsuite> <!-- Runners.runner -->
