<?xml version="1.0" encoding="UTF-8"?>
<!-- Generated by org.testng.reporters.JUnitReportReporter -->
<testsuite skipped="0" hostname="VARSHA" name="com.sfdc.testCases.TC_AccountsTest_003" tests="4" failures="0" timestamp="17 Jun 2022 23:11:58 GMT" time="56.326" errors="0">
  <testcase name="accTest02" time="12.183" classname="com.sfdc.testCases.TC_AccountsTest_003"/>
  <testcase name="accTest04" time="8.507" classname="com.sfdc.testCases.TC_AccountsTest_003"/>
  <testcase name="accTest01" time="15.619" classname="com.sfdc.testCases.TC_AccountsTest_003"/>
  <testcase name="accTest03" time="20.017" classname="com.sfdc.testCases.TC_AccountsTest_003"/>
</testsuite> <!-- com.sfdc.testCases.TC_AccountsTest_003 -->
