<?xml version="1.0" encoding="UTF-8"?>
<!-- Generated by org.testng.reporters.JUnitReportReporter -->
<testsuite skipped="2" hostname="VARSHA" name="com.sfdc.testCases.TC_AccountsTest_003" tests="3" failures="0" timestamp="09 Apr 2022 22:45:07 GMT" time="18.386" errors="0">
  <testcase name="accTest03" time="18.386" classname="com.sfdc.testCases.TC_AccountsTest_003"/>
  <testcase name="accTest01" classname="com.sfdc.testCases.TC_AccountsTest_003">
    <skipped/>
  </testcase> <!-- accTest01 -->
  <testcase name="accTest02" classname="com.sfdc.testCases.TC_AccountsTest_003">
    <skipped/>
  </testcase> <!-- accTest02 -->
</testsuite> <!-- com.sfdc.testCases.TC_AccountsTest_003 -->
