<?xml version="1.0" encoding="UTF-8"?>
<!-- Generated by org.testng.reporters.JUnitReportReporter -->
<testsuite skipped="0" hostname="VARSHA" name="com.sfdc.testCases.TC_LoginTest_001" tests="5" failures="0" timestamp="17 Jun 2022 23:11:58 GMT" time="34.138" errors="0">
  <testcase name="loginTest05" time="3.349" classname="com.sfdc.testCases.TC_LoginTest_001"/>
  <testcase name="loginTest04" time="3.498" classname="com.sfdc.testCases.TC_LoginTest_001"/>
  <testcase name="loginTest02" time="3.551" classname="com.sfdc.testCases.TC_LoginTest_001"/>
  <testcase name="loginTest03" time="10.816" classname="com.sfdc.testCases.TC_LoginTest_001"/>
  <testcase name="loginTest01" time="12.924" classname="com.sfdc.testCases.TC_LoginTest_001"/>
</testsuite> <!-- com.sfdc.testCases.TC_LoginTest_001 -->
