<?xml version="1.0" encoding="UTF-8"?>
<!-- Generated by org.testng.reporters.JUnitReportReporter -->
<testsuite skipped="0" hostname="VARSHA" name="com.sfdc.testCases.TC_LoginTest_001" tests="5" failures="0" timestamp="08 Apr 2022 22:11:34 GMT" time="26.782" errors="0">
  <testcase name="loginTest03" time="10.425" classname="com.sfdc.testCases.TC_LoginTest_001"/>
  <testcase name="loginTest01" time="7.170" classname="com.sfdc.testCases.TC_LoginTest_001"/>
  <testcase name="loginTest04" time="2.844" classname="com.sfdc.testCases.TC_LoginTest_001"/>
  <testcase name="loginTest05" time="3.635" classname="com.sfdc.testCases.TC_LoginTest_001"/>
  <testcase name="loginTest02" time="2.708" classname="com.sfdc.testCases.TC_LoginTest_001"/>
</testsuite> <!-- com.sfdc.testCases.TC_LoginTest_001 -->
