<?xml version="1.0" encoding="UTF-8"?>
<!-- Generated by org.testng.reporters.JUnitReportReporter -->
<testsuite skipped="0" hostname="VARSHA" name="com.sfdc.testCases.TC_LoginTest_001" tests="5" failures="0" timestamp="04 Apr 2022 21:03:10 GMT" time="31.000" errors="0">
  <testcase name="loginTest01" time="6.663" classname="com.sfdc.testCases.TC_LoginTest_001"/>
  <testcase name="loginTest03" time="12.915" classname="com.sfdc.testCases.TC_LoginTest_001"/>
  <testcase name="loginTest02" time="3.879" classname="com.sfdc.testCases.TC_LoginTest_001"/>
  <testcase name="loginTest04" time="4.021" classname="com.sfdc.testCases.TC_LoginTest_001"/>
  <testcase name="loginTest05" time="3.522" classname="com.sfdc.testCases.TC_LoginTest_001"/>
</testsuite> <!-- com.sfdc.testCases.TC_LoginTest_001 -->
