<?xml version="1.0" encoding="UTF-8"?>
<!-- Generated by org.testng.reporters.JUnitReportReporter -->
<testsuite skipped="1" hostname="VARSHA" name="com.sfdc.testCases.TC_UserMenuTest_002" tests="2" failures="0" timestamp="04 Apr 2022 21:03:10 GMT" time="28.416" errors="0">
  <testcase name="userTest02" time="28.416" classname="com.sfdc.testCases.TC_UserMenuTest_002"/>
  <testcase name="userTest01" classname="com.sfdc.testCases.TC_UserMenuTest_002">
    <skipped/>
  </testcase> <!-- userTest01 -->
</testsuite> <!-- com.sfdc.testCases.TC_UserMenuTest_002 -->
