<?xml version="1.0" encoding="UTF-8"?>
<!-- Generated by org.testng.reporters.JUnitReportReporter -->
<testsuite skipped="0" hostname="VARSHA" name="com.sfdc.testCases.TC_UserMenuTest_002" tests="2" failures="0" timestamp="04 Apr 2022 21:23:25 GMT" time="44.492" errors="0">
  <testcase name="userTest02" time="33.157" classname="com.sfdc.testCases.TC_UserMenuTest_002"/>
  <testcase name="userTest01" time="11.335" classname="com.sfdc.testCases.TC_UserMenuTest_002"/>
</testsuite> <!-- com.sfdc.testCases.TC_UserMenuTest_002 -->
