<?xml version="1.0" encoding="UTF-8"?>
<!-- Generated by org.testng.reporters.JUnitReportReporter -->
<testsuite skipped="0" hostname="VARSHA" name="com.sfdc.testCases.TC_AccountsTest_003" tests="4" failures="0" timestamp="17 Jun 2022 23:07:13 GMT" time="71.140" errors="0">
  <testcase name="accTest01" time="25.603" classname="com.sfdc.testCases.TC_AccountsTest_003"/>
  <testcase name="accTest04" time="15.171" classname="com.sfdc.testCases.TC_AccountsTest_003"/>
  <testcase name="accTest03" time="16.157" classname="com.sfdc.testCases.TC_AccountsTest_003"/>
  <testcase name="accTest02" time="14.209" classname="com.sfdc.testCases.TC_AccountsTest_003"/>
</testsuite> <!-- com.sfdc.testCases.TC_AccountsTest_003 -->
