<?xml version="1.0" encoding="UTF-8"?>
<!-- Generated by org.testng.reporters.JUnitReportReporter -->
<testsuite skipped="0" hostname="VARSHA" name="com.sfdc.testCases.TC_LoginTest_001" tests="5" failures="0" timestamp="04 Apr 2022 21:23:25 GMT" time="45.127" errors="0">
  <testcase name="loginTest05" time="6.239" classname="com.sfdc.testCases.TC_LoginTest_001"/>
  <testcase name="loginTest02" time="4.968" classname="com.sfdc.testCases.TC_LoginTest_001"/>
  <testcase name="loginTest04" time="5.119" classname="com.sfdc.testCases.TC_LoginTest_001"/>
  <testcase name="loginTest01" time="10.089" classname="com.sfdc.testCases.TC_LoginTest_001"/>
  <testcase name="loginTest03" time="18.712" classname="com.sfdc.testCases.TC_LoginTest_001"/>
</testsuite> <!-- com.sfdc.testCases.TC_LoginTest_001 -->
