<?xml version="1.0" encoding="UTF-8"?>
<!-- Generated by org.testng.reporters.JUnitReportReporter -->
<testsuite skipped="0" hostname="VARSHA" name="com.sfdc.testCases.TC_LoginTest_001" tests="5" failures="0" timestamp="17 Jun 2022 23:07:13 GMT" time="34.626" errors="0">
  <testcase name="loginTest02" time="3.786" classname="com.sfdc.testCases.TC_LoginTest_001"/>
  <testcase name="loginTest01" time="8.449" classname="com.sfdc.testCases.TC_LoginTest_001"/>
  <testcase name="loginTest05" time="3.156" classname="com.sfdc.testCases.TC_LoginTest_001"/>
  <testcase name="loginTest04" time="3.692" classname="com.sfdc.testCases.TC_LoginTest_001"/>
  <testcase name="loginTest03" time="15.543" classname="com.sfdc.testCases.TC_LoginTest_001"/>
</testsuite> <!-- com.sfdc.testCases.TC_LoginTest_001 -->
