<?xml version="1.0" encoding="UTF-8"?>
<!-- Generated by org.testng.reporters.JUnitReportReporter -->
<testsuite skipped="0" hostname="VARSHA" name="com.sfdc.testCases.TC_LoginTest_001" tests="5" failures="0" timestamp="06 Apr 2022 05:47:16 GMT" time="36.436" errors="0">
  <testcase name="loginTest05" time="3.456" classname="com.sfdc.testCases.TC_LoginTest_001"/>
  <testcase name="loginTest01" time="7.218" classname="com.sfdc.testCases.TC_LoginTest_001"/>
  <testcase name="loginTest02" time="10.365" classname="com.sfdc.testCases.TC_LoginTest_001"/>
  <testcase name="loginTest03" time="12.044" classname="com.sfdc.testCases.TC_LoginTest_001"/>
  <testcase name="loginTest04" time="3.353" classname="com.sfdc.testCases.TC_LoginTest_001"/>
</testsuite> <!-- com.sfdc.testCases.TC_LoginTest_001 -->
